Start testing: Jun 01 18:29 MSK
----------------------------------------------------------
1/1 Testing: state_tests
1/1 Test: state_tests
Command: "/home/user/evalar4/rk/state/build/bin/state_tests"
Directory: /home/user/evalar4/rk/state/build
"state_tests" start time: Jun 01 18:29 MSK
Output:
----------------------------------------------------------
[==========] Running 3 tests from 3 test suites.
[----------] Global test environment set-up.
[----------] 1 test from ForenoonStateTest
[ RUN      ] ForenoonStateTest.NoonTime_TransitionsToNoonState
[       OK ] ForenoonStateTest.NoonTime_TransitionsToNoonState (0 ms)
[----------] 1 test from ForenoonStateTest (0 ms total)

[----------] 1 test from NoonStateTest
[ RUN      ] NoonStateTest.NoonTime_ShowsSleepyMessage
[       OK ] NoonStateTest.NoonTime_ShowsSleepyMessage (0 ms)
[----------] 1 test from NoonStateTest (0 ms total)

[----------] 1 test from AfternoonStateTest
[ RUN      ] AfternoonStateTest.EveningTime_NoOutput
[       OK ] AfternoonStateTest.EveningTime_NoOutput (0 ms)
[----------] 1 test from AfternoonStateTest (0 ms total)

[----------] Global test environment tear-down
[==========] 3 tests from 3 test suites ran. (0 ms total)
[  PASSED  ] 3 tests.
<end of output>
Test time =   0.00 sec
----------------------------------------------------------
Test Passed.
"state_tests" end time: Jun 01 18:29 MSK
"state_tests" time elapsed: 00:00:00
----------------------------------------------------------

End testing: Jun 01 18:29 MSK
